(Tue Mar 25 15:28:14 2025)(-9.37386 [s])[Default,Backends][Warning][Non-fatal]:
WARNING: A problem has been raised by the backend system.
None of the library symbols (__inputoutput_MOD_l_rp_pythia, inputoutput_mp_l_rp_pythia_) was found.
The backend function from this symbol will be disabled (i.e. get status = -2)

Raised at: line 168 in function void Gambit::set_backend_functor_status_C_CXX_Fortran(Gambit::functor&, const std::vector<std::__cxx11::basic_string<char> >&) of /work/gambit/Backends/src/ini_functions.cpp.
--<>--<>--<>--<>--<>--<>--<>--
(Tue Mar 25 15:28:14 2025)(-9.37212 [s])[Default,Backends][Warning][Non-fatal]:
WARNING: A problem has been raised by the backend system.
None of the library symbols (__inputoutput_MOD_io_rp, inputoutput_mp_io_rp_) was found.
The backend function from this symbol will be disabled (i.e. get status = -2)

Raised at: line 168 in function void Gambit::set_backend_functor_status_C_CXX_Fortran(Gambit::functor&, const std::vector<std::__cxx11::basic_string<char> >&) of /work/gambit/Backends/src/ini_functions.cpp.
--<>--<>--<>--<>--<>--<>--<>--
(Tue Mar 25 15:28:14 2025)(-9.3712 [s])[Default,Backends][Warning][Non-fatal]:
WARNING: A problem has been raised by the backend system.
None of the library symbols (__inputoutput_MOD_madgraph_style, inputoutput_mp_madgraph_style_) was found.
The backend function from this symbol will be disabled (i.e. get status = -2)

Raised at: line 168 in function void Gambit::set_backend_functor_status_C_CXX_Fortran(Gambit::functor&, const std::vector<std::__cxx11::basic_string<char> >&) of /work/gambit/Backends/src/ini_functions.cpp.
--<>--<>--<>--<>--<>--<>--<>--
(Tue Mar 25 15:28:14 2025)(-9.37037 [s])[Default,Backends][Warning][Non-fatal]:
WARNING: A problem has been raised by the backend system.
None of the library symbols (__inputoutput_MOD_lwrite_lhc_observables, inputoutput_mp_lwrite_lhc_observables_) was found.
The backend function from this symbol will be disabled (i.e. get status = -2)

Raised at: line 168 in function void Gambit::set_backend_functor_status_C_CXX_Fortran(Gambit::functor&, const std::vector<std::__cxx11::basic_string<char> >&) of /work/gambit/Backends/src/ini_functions.cpp.
--<>--<>--<>--<>--<>--<>--<>--
(Tue Mar 25 15:28:15 2025)(-9.30054 [s])[Default,Backends][Warning][Non-fatal]:
WARNING: A problem has been raised by the backend system.
Failed loading library from /work/gambit/Backends/installed/feynhiggs/2.11.2/lib/libFH.so due to: 
/work/gambit/Backends/installed/feynhiggs/2.11.2/lib/libFH.so: cannot open shared object file: No such file or directory
All functions in this backend library will be disabled (i.e. given status = -1).
Raised at: line 458 in function void Gambit::Backends::backend_info::loadLibrary_C_CXX_Fortran(const str&, const str&, const str&, bool) of /work/gambit/Backends/src/backend_info.cpp.
--<>--<>--<>--<>--<>--<>--<>--
(Tue Mar 25 15:28:15 2025)(-9.25867 [s])[Default,Backends][Warning][Non-fatal]:
WARNING: A problem has been raised by the backend system.
Failed loading library from /work/gambit/Backends/installed/ddcalc/2.0.0/lib/libDDCalc.so due to: 
/work/gambit/Backends/installed/ddcalc/2.0.0/lib/libDDCalc.so: cannot open shared object file: No such file or directory
All functions in this backend library will be disabled (i.e. given status = -1).
Raised at: line 458 in function void Gambit::Backends::backend_info::loadLibrary_C_CXX_Fortran(const str&, const str&, const str&, bool) of /work/gambit/Backends/src/backend_info.cpp.
--<>--<>--<>--<>--<>--<>--<>--
(Tue Mar 25 15:28:16 2025)(-7.62573 [s])[Default,Backends][Warning][Non-fatal]:
WARNING: A problem has been raised by the backend system.
Failed loading Python backend; source file not found at /work/gambit/Backends/installed/classy/2.9.4/lib/classy_2_9_4.py

Raised at: line 568 in function void Gambit::Backends::backend_info::loadLibrary_Python(const str&, const str&, const str&, const str&) of /work/gambit/Backends/src/backend_info.cpp.
--<>--<>--<>--<>--<>--<>--<>--
(Tue Mar 25 15:28:16 2025)(-7.60722 [s])[Default,Backends][Warning][Non-fatal]:
WARNING: A problem has been raised by the backend system.
Failed loading library from /work/gambit/Backends/installed/ddcalc/1.0.0/lib/libDDCalc.so due to: 
/work/gambit/Backends/installed/ddcalc/1.0.0/lib/libDDCalc.so: cannot open shared object file: No such file or directory
All functions in this backend library will be disabled (i.e. given status = -1).
Raised at: line 458 in function void Gambit::Backends::backend_info::loadLibrary_C_CXX_Fortran(const str&, const str&, const str&, bool) of /work/gambit/Backends/src/backend_info.cpp.
--<>--<>--<>--<>--<>--<>--<>--
(Tue Mar 25 15:28:16 2025)(-7.56272 [s])[Default,Backends][Warning][Non-fatal]:
WARNING: A problem has been raised by the backend system.
Failed loading library from /work/gambit/Backends/installed/darksusy/6.2.5/lib/libds_core_generic_wimp.so due to: 
/work/gambit/Backends/installed/darksusy/6.2.5/lib/libds_core_generic_wimp.so: cannot open shared object file: No such file or directory
All functions in this backend library will be disabled (i.e. given status = -1).
Raised at: line 458 in function void Gambit::Backends::backend_info::loadLibrary_C_CXX_Fortran(const str&, const str&, const str&, bool) of /work/gambit/Backends/src/backend_info.cpp.
--<>--<>--<>--<>--<>--<>--<>--
(Tue Mar 25 15:28:16 2025)(-7.35873 [s])[Default,Backends][Warning][Non-fatal]:
WARNING: A problem has been raised by the backend system.
Failed loading library from /work/gambit/Backends/installed/spheno/3.3.8/lib/libSPheno.so due to: 
/work/gambit/Backends/installed/spheno/3.3.8/lib/libSPheno.so: cannot open shared object file: No such file or directory
All functions in this backend library will be disabled (i.e. given status = -1).
Raised at: line 458 in function void Gambit::Backends::backend_info::loadLibrary_C_CXX_Fortran(const str&, const str&, const str&, bool) of /work/gambit/Backends/src/backend_info.cpp.
--<>--<>--<>--<>--<>--<>--<>--
(Tue Mar 25 15:28:17 2025)(-7.1839 [s])[Default,Backends][Warning][Non-fatal]:
WARNING: A problem has been raised by the backend system.
Failed loading library from /work/gambit/Backends/installed/nulike/1.0.8/lib/libnulike.so due to: 
/work/gambit/Backends/installed/nulike/1.0.8/lib/libnulike.so: cannot open shared object file: No such file or directory
All functions in this backend library will be disabled (i.e. given status = -1).
Raised at: line 458 in function void Gambit::Backends::backend_info::loadLibrary_C_CXX_Fortran(const str&, const str&, const str&, bool) of /work/gambit/Backends/src/backend_info.cpp.
--<>--<>--<>--<>--<>--<>--<>--
(Tue Mar 25 15:28:17 2025)(-6.90653 [s])[Default,Backends][Warning][Non-fatal]:
WARNING: A problem has been raised by the backend system.
Failed loading library from /work/gambit/Backends/installed/darksusy/5.1.3/lib/libdarksusy.so due to: 
/work/gambit/Backends/installed/darksusy/5.1.3/lib/libdarksusy.so: cannot open shared object file: No such file or directory
All functions in this backend library will be disabled (i.e. given status = -1).
Raised at: line 458 in function void Gambit::Backends::backend_info::loadLibrary_C_CXX_Fortran(const str&, const str&, const str&, bool) of /work/gambit/Backends/src/backend_info.cpp.
--<>--<>--<>--<>--<>--<>--<>--
(Tue Mar 25 15:28:17 2025)(-6.74473 [s])[Default,Backends][Warning][Non-fatal]:
WARNING: A problem has been raised by the backend system.
Failed loading library from /work/gambit/Backends/installed/capgen/2.1/gencaplib.so due to: 
/work/gambit/Backends/installed/capgen/2.1/gencaplib.so: cannot open shared object file: No such file or directory
All functions in this backend library will be disabled (i.e. given status = -1).
Raised at: line 458 in function void Gambit::Backends::backend_info::loadLibrary_C_CXX_Fortran(const str&, const str&, const str&, bool) of /work/gambit/Backends/src/backend_info.cpp.
--<>--<>--<>--<>--<>--<>--<>--
(Tue Mar 25 15:28:17 2025)(-6.72637 [s])[Default,Backends][Warning][Non-fatal]:
WARNING: A problem has been raised by the backend system.
Failed loading library from /work/gambit/Backends/installed/darksusy/6.1.1/lib/libds_core_generic_wimp.so due to: 
/work/gambit/Backends/installed/darksusy/6.1.1/lib/libds_core_generic_wimp.so: cannot open shared object file: No such file or directory
All functions in this backend library will be disabled (i.e. given status = -1).
Raised at: line 458 in function void Gambit::Backends::backend_info::loadLibrary_C_CXX_Fortran(const str&, const str&, const str&, bool) of /work/gambit/Backends/src/backend_info.cpp.
--<>--<>--<>--<>--<>--<>--<>--
(Tue Mar 25 15:28:17 2025)(-6.70763 [s])[Default,Backends][Warning][Non-fatal]:
WARNING: A problem has been raised by the backend system.
Backend requires Mathematica and WSTP, but one of them is not found in the system. Please install/buy Mathematica and/or WSTP before using this backend.

Raised at: line 336 in function int Gambit::Backends::backend_info::loadLibrary(const str&, const str&, const str&, bool, const str&) of /work/gambit/Backends/src/backend_info.cpp.
--<>--<>--<>--<>--<>--<>--<>--
(Tue Mar 25 15:28:17 2025)(-6.70526 [s])[Default,Backends][Warning][Non-fatal]:
WARNING: A problem has been raised by the backend system.
Mathematica is not found or it is disabled. 
The backend function for the symbol MHiggs will be disabled  (i.e. get status = -5)

Raised at: line 274 in function int Gambit::set_backend_functor_status(Gambit::functor&, const std::vector<std::__cxx11::basic_string<char> >&) of /work/gambit/Backends/src/ini_functions.cpp.
--<>--<>--<>--<>--<>--<>--<>--
(Tue Mar 25 15:28:17 2025)(-6.70432 [s])[Default,Backends][Warning][Non-fatal]:
WARNING: A problem has been raised by the backend system.
Mathematica is not found or it is disabled. 
The backend function for the symbol \[CapitalDelta]MHiggs will be disabled  (i.e. get status = -5)

Raised at: line 274 in function int Gambit::set_backend_functor_status(Gambit::functor&, const std::vector<std::__cxx11::basic_string<char> >&) of /work/gambit/Backends/src/ini_functions.cpp.
--<>--<>--<>--<>--<>--<>--<>--
(Tue Mar 25 15:28:17 2025)(-6.70336 [s])[Default,Backends][Warning][Non-fatal]:
WARNING: A problem has been raised by the backend system.
Mathematica is not found or it is disabled. 
The backend function for the symbol SetSMparameters will be disabled  (i.e. get status = -5)

Raised at: line 274 in function int Gambit::set_backend_functor_status(Gambit::functor&, const std::vector<std::__cxx11::basic_string<char> >&) of /work/gambit/Backends/src/ini_functions.cpp.
--<>--<>--<>--<>--<>--<>--<>--
(Tue Mar 25 15:28:17 2025)(-6.66995 [s])[Default,Backends][Warning][Non-fatal]:
WARNING: A problem has been raised by the backend system.
Failed loading Python backend; source file not found at /work/gambit/Backends/installed/classy/2.6.3/lib/classy_2_6_3.py

Raised at: line 568 in function void Gambit::Backends::backend_info::loadLibrary_Python(const str&, const str&, const str&, const str&) of /work/gambit/Backends/src/backend_info.cpp.
--<>--<>--<>--<>--<>--<>--<>--
(Tue Mar 25 15:28:17 2025)(-6.65096 [s])[Default,Backends][Warning][Non-fatal]:
WARNING: A problem has been raised by the backend system.
Failed loading library from /work/gambit/Backends/installed/nulike/1.0.5/lib/libnulike.so due to: 
/work/gambit/Backends/installed/nulike/1.0.5/lib/libnulike.so: cannot open shared object file: No such file or directory
All functions in this backend library will be disabled (i.e. given status = -1).
Raised at: line 458 in function void Gambit::Backends::backend_info::loadLibrary_C_CXX_Fortran(const str&, const str&, const str&, bool) of /work/gambit/Backends/src/backend_info.cpp.
--<>--<>--<>--<>--<>--<>--<>--
(Tue Mar 25 15:28:17 2025)(-6.63175 [s])[Default,Backends][Warning][Non-fatal]:
WARNING: A problem has been raised by the backend system.
None of the library symbols (dsrdcom_) was found.
The backend function from this symbol will be disabled (i.e. get status = -2)

Raised at: line 168 in function void Gambit::set_backend_functor_status_C_CXX_Fortran(Gambit::functor&, const std::vector<std::__cxx11::basic_string<char> >&) of /work/gambit/Backends/src/ini_functions.cpp.
--<>--<>--<>--<>--<>--<>--<>--
(Tue Mar 25 15:28:17 2025)(-6.61696 [s])[Default,Backends][Warning][Non-fatal]:
WARNING: A problem has been raised by the backend system.
None of the library symbols (dsgive_model_SLHA_) was found.
The backend function from this symbol will be disabled (i.e. get status = -2)

Raised at: line 168 in function void Gambit::set_backend_functor_status_C_CXX_Fortran(Gambit::functor&, const std::vector<std::__cxx11::basic_string<char> >&) of /work/gambit/Backends/src/ini_functions.cpp.
--<>--<>--<>--<>--<>--<>--<>--
(Tue Mar 25 15:28:17 2025)(-6.57744 [s])[Default,Backends][Warning][Non-fatal]:
WARNING: A problem has been raised by the backend system.
Failed loading library from /work/gambit/Backends/installed/nulike/1.0.6/lib/libnulike.so due to: 
/work/gambit/Backends/installed/nulike/1.0.6/lib/libnulike.so: cannot open shared object file: No such file or directory
All functions in this backend library will be disabled (i.e. given status = -1).
Raised at: line 458 in function void Gambit::Backends::backend_info::loadLibrary_C_CXX_Fortran(const str&, const str&, const str&, bool) of /work/gambit/Backends/src/backend_info.cpp.
--<>--<>--<>--<>--<>--<>--<>--
(Tue Mar 25 15:28:17 2025)(-6.50559 [s])[Default,Backends][Warning][Non-fatal]:
WARNING: A problem has been raised by the backend system.
Backend requires Mathematica and WSTP, but one of them is not found in the system. Please install/buy Mathematica and/or WSTP before using this backend.

Raised at: line 336 in function int Gambit::Backends::backend_info::loadLibrary(const str&, const str&, const str&, bool, const str&) of /work/gambit/Backends/src/backend_info.cpp.
--<>--<>--<>--<>--<>--<>--<>--
(Tue Mar 25 15:28:17 2025)(-6.50397 [s])[Default,Backends][Warning][Non-fatal]:
WARNING: A problem has been raised by the backend system.
Mathematica is not found or it is disabled. 
The backend function for the symbol CalculateSquare will be disabled  (i.e. get status = -5)

Raised at: line 274 in function int Gambit::set_backend_functor_status(Gambit::functor&, const std::vector<std::__cxx11::basic_string<char> >&) of /work/gambit/Backends/src/ini_functions.cpp.
--<>--<>--<>--<>--<>--<>--<>--
(Tue Mar 25 15:28:17 2025)(-6.50233 [s])[Default,Backends][Warning][Non-fatal]:
WARNING: A problem has been raised by the backend system.
Mathematica is not found or it is disabled. 
The backend function for the symbol CalculateSum will be disabled  (i.e. get status = -5)

Raised at: line 274 in function int Gambit::set_backend_functor_status(Gambit::functor&, const std::vector<std::__cxx11::basic_string<char> >&) of /work/gambit/Backends/src/ini_functions.cpp.
--<>--<>--<>--<>--<>--<>--<>--
(Tue Mar 25 15:28:17 2025)(-6.50141 [s])[Default,Backends][Warning][Non-fatal]:
WARNING: A problem has been raised by the backend system.
Mathematica is not found or it is disabled. 
The backend function for the symbol PrintVar will be disabled  (i.e. get status = -5)

Raised at: line 274 in function int Gambit::set_backend_functor_status(Gambit::functor&, const std::vector<std::__cxx11::basic_string<char> >&) of /work/gambit/Backends/src/ini_functions.cpp.
--<>--<>--<>--<>--<>--<>--<>--
(Tue Mar 25 15:28:17 2025)(-6.50054 [s])[Default,Backends][Warning][Non-fatal]:
WARNING: A problem has been raised by the backend system.
Mathematica is not found or it is disabled. 
The backend function for the symbol PrintVarorVar2 will be disabled  (i.e. get status = -5)

Raised at: line 274 in function int Gambit::set_backend_functor_status(Gambit::functor&, const std::vector<std::__cxx11::basic_string<char> >&) of /work/gambit/Backends/src/ini_functions.cpp.
--<>--<>--<>--<>--<>--<>--<>--
(Tue Mar 25 15:28:17 2025)(-6.4997 [s])[Default,Backends][Warning][Non-fatal]:
WARNING: A problem has been raised by the backend system.
Mathematica is not found or it is disabled. 
The backend function for the symbol VarEqualVar2 will be disabled  (i.e. get status = -5)

Raised at: line 274 in function int Gambit::set_backend_functor_status(Gambit::functor&, const std::vector<std::__cxx11::basic_string<char> >&) of /work/gambit/Backends/src/ini_functions.cpp.
--<>--<>--<>--<>--<>--<>--<>--
(Tue Mar 25 15:28:17 2025)(-6.49885 [s])[Default,Backends][Warning][Non-fatal]:
WARNING: A problem has been raised by the backend system.
Mathematica is not found or it is disabled. 
The backend function for the symbol StringTest will be disabled  (i.e. get status = -5)

Raised at: line 274 in function int Gambit::set_backend_functor_status(Gambit::functor&, const std::vector<std::__cxx11::basic_string<char> >&) of /work/gambit/Backends/src/ini_functions.cpp.
--<>--<>--<>--<>--<>--<>--<>--
(Tue Mar 25 15:28:17 2025)(-6.498 [s])[Default,Backends][Warning][Non-fatal]:
WARNING: A problem has been raised by the backend system.
Mathematica is not found or it is disabled. 
The backend function for the symbol VoidTest will be disabled  (i.e. get status = -5)

Raised at: line 274 in function int Gambit::set_backend_functor_status(Gambit::functor&, const std::vector<std::__cxx11::basic_string<char> >&) of /work/gambit/Backends/src/ini_functions.cpp.
--<>--<>--<>--<>--<>--<>--<>--
(Tue Mar 25 15:28:17 2025)(-6.49711 [s])[Default,Backends][Warning][Non-fatal]:
WARNING: A problem has been raised by the backend system.
Mathematica is not found or it is disabled. 
The backend function for the symbol ExtractElement will be disabled  (i.e. get status = -5)

Raised at: line 274 in function int Gambit::set_backend_functor_status(Gambit::functor&, const std::vector<std::__cxx11::basic_string<char> >&) of /work/gambit/Backends/src/ini_functions.cpp.
--<>--<>--<>--<>--<>--<>--<>--
(Tue Mar 25 15:28:17 2025)(-6.4962 [s])[Default,Backends][Warning][Non-fatal]:
WARNING: A problem has been raised by the backend system.
Mathematica is not found or it is disabled. 
The backend function for the symbol SquareList will be disabled  (i.e. get status = -5)

Raised at: line 274 in function int Gambit::set_backend_functor_status(Gambit::functor&, const std::vector<std::__cxx11::basic_string<char> >&) of /work/gambit/Backends/src/ini_functions.cpp.
--<>--<>--<>--<>--<>--<>--<>--
(Tue Mar 25 15:28:17 2025)(-6.4953 [s])[Default,Backends][Warning][Non-fatal]:
WARNING: A problem has been raised by the backend system.
Mathematica is not found or it is disabled. 
The backend function for the symbol \[CapitalGamma]func will be disabled  (i.e. get status = -5)

Raised at: line 274 in function int Gambit::set_backend_functor_status(Gambit::functor&, const std::vector<std::__cxx11::basic_string<char> >&) of /work/gambit/Backends/src/ini_functions.cpp.
--<>--<>--<>--<>--<>--<>--<>--
(Tue Mar 25 15:28:17 2025)(-6.49427 [s])[Default,Backends][Warning][Non-fatal]:
WARNING: A problem has been raised by the backend system.
Mathematica is not found or it is disabled. 
The backend function for the symbol Var will be disabled  (i.e. get status = -5)

Raised at: line 274 in function int Gambit::set_backend_functor_status(Gambit::functor&, const std::vector<std::__cxx11::basic_string<char> >&) of /work/gambit/Backends/src/ini_functions.cpp.
--<>--<>--<>--<>--<>--<>--<>--
(Tue Mar 25 15:28:17 2025)(-6.49342 [s])[Default,Backends][Warning][Non-fatal]:
WARNING: A problem has been raised by the backend system.
Mathematica is not found or it is disabled. 
The backend function for the symbol Var2 will be disabled  (i.e. get status = -5)

Raised at: line 274 in function int Gambit::set_backend_functor_status(Gambit::functor&, const std::vector<std::__cxx11::basic_string<char> >&) of /work/gambit/Backends/src/ini_functions.cpp.
--<>--<>--<>--<>--<>--<>--<>--
(Tue Mar 25 15:28:17 2025)(-6.49254 [s])[Default,Backends][Warning][Non-fatal]:
WARNING: A problem has been raised by the backend system.
Mathematica is not found or it is disabled. 
The backend function for the symbol \[Delta]var will be disabled  (i.e. get status = -5)

Raised at: line 274 in function int Gambit::set_backend_functor_status(Gambit::functor&, const std::vector<std::__cxx11::basic_string<char> >&) of /work/gambit/Backends/src/ini_functions.cpp.
--<>--<>--<>--<>--<>--<>--<>--
(Tue Mar 25 15:28:17 2025)(-6.49182 [s])[Default,Backends][Warning][Non-fatal]:
WARNING: A problem has been raised by the backend system.
Mathematica is not found or it is disabled. 
The backend function for the symbol no_symbol will be disabled  (i.e. get status = -5)

Raised at: line 274 in function int Gambit::set_backend_functor_status(Gambit::functor&, const std::vector<std::__cxx11::basic_string<char> >&) of /work/gambit/Backends/src/ini_functions.cpp.
--<>--<>--<>--<>--<>--<>--<>--
(Tue Mar 25 15:28:17 2025)(-6.43403 [s])[Default,Backends][Warning][Non-fatal]:
WARNING: A problem has been raised by the backend system.
Failed loading library from /work/gambit/Backends/installed/nulike/1.0.7/lib/libnulike.so due to: 
/work/gambit/Backends/installed/nulike/1.0.7/lib/libnulike.so: cannot open shared object file: No such file or directory
All functions in this backend library will be disabled (i.e. given status = -1).
Raised at: line 458 in function void Gambit::Backends::backend_info::loadLibrary_C_CXX_Fortran(const str&, const str&, const str&, bool) of /work/gambit/Backends/src/backend_info.cpp.
--<>--<>--<>--<>--<>--<>--<>--
(Tue Mar 25 15:28:17 2025)(-6.42922 [s])[Default,Backends][Warning][Non-fatal]:
WARNING: A problem has been raised by the backend system.
Failed loading library from /work/gambit/Backends/installed/gamlike/1.0.0/lib/gamLike.so due to: 
/work/gambit/Backends/installed/gamlike/1.0.0/lib/gamLike.so: cannot open shared object file: No such file or directory
All functions in this backend library will be disabled (i.e. given status = -1).
Raised at: line 458 in function void Gambit::Backends::backend_info::loadLibrary_C_CXX_Fortran(const str&, const str&, const str&, bool) of /work/gambit/Backends/src/backend_info.cpp.
--<>--<>--<>--<>--<>--<>--<>--
(Tue Mar 25 15:28:17 2025)(-6.41764 [s])[Default,Backends][Warning][Non-fatal]:
WARNING: A problem has been raised by the backend system.
Could not find path for backend salami v0.1.0
in /work/gambit/config/backend_locations.yaml.default.
Setting path to "no path in config/backend_locations.yaml.default".
Raised at: line 174 in function Gambit::str Gambit::Backends::backend_info::path(Gambit::str, Gambit::str) const of /work/gambit/Backends/src/backend_info.cpp.
--<>--<>--<>--<>--<>--<>--<>--
(Tue Mar 25 15:28:17 2025)(-6.41762 [s])[Default,Backends][Warning][Non-fatal]:
WARNING: A problem has been raised by the backend system.
Failed loading Python backend; source file not found at /work/gambit/no path in config/backend_locations.yaml.default

Raised at: line 568 in function void Gambit::Backends::backend_info::loadLibrary_Python(const str&, const str&, const str&, const str&) of /work/gambit/Backends/src/backend_info.cpp.
--<>--<>--<>--<>--<>--<>--<>--
(Tue Mar 25 15:28:17 2025)(-6.41426 [s])[Default,Backends][Warning][Non-fatal]:
WARNING: A problem has been raised by the backend system.
Failed loading Python backend; source file not found at /work/gambit/Backends/installed/montepythonlike/3.3.0/montepython/MontePythonLike_3_3_0.py

Raised at: line 568 in function void Gambit::Backends::backend_info::loadLibrary_Python(const str&, const str&, const str&, const str&) of /work/gambit/Backends/src/backend_info.cpp.
--<>--<>--<>--<>--<>--<>--<>--
(Tue Mar 25 15:28:17 2025)(-6.40778 [s])[Default,Backends][Warning][Non-fatal]:
WARNING: A problem has been raised by the backend system.
Failed loading library from /work/gambit/Backends/installed/gm2calc/1.2.0/src/libgm2calc.so due to: 
/work/gambit/Backends/installed/gm2calc/1.2.0/src/libgm2calc.so: cannot open shared object file: No such file or directory
All functions in this backend library will be disabled (i.e. given status = -1).
Raised at: line 458 in function void Gambit::Backends::backend_info::loadLibrary_C_CXX_Fortran(const str&, const str&, const str&, bool) of /work/gambit/Backends/src/backend_info.cpp.
--<>--<>--<>--<>--<>--<>--<>--
(Tue Mar 25 15:28:17 2025)(-6.39838 [s])[Default,Backends][Warning][Non-fatal]:
WARNING: A problem has been raised by the backend system.
Failed loading Python backend; source file not found at /work/gambit/Backends/examples/simple_xs/1.0/simple_xs.py

Raised at: line 568 in function void Gambit::Backends::backend_info::loadLibrary_Python(const str&, const str&, const str&, const str&) of /work/gambit/Backends/src/backend_info.cpp.
--<>--<>--<>--<>--<>--<>--<>--
(Tue Mar 25 15:28:17 2025)(-6.38494 [s])[Default,Backends][Warning][Non-fatal]:
WARNING: A problem has been raised by the backend system.
Failed loading Python backend; source file not found at /work/gambit/no path in config/backend_locations.yaml.default

Raised at: line 568 in function void Gambit::Backends::backend_info::loadLibrary_Python(const str&, const str&, const str&, const str&) of /work/gambit/Backends/src/backend_info.cpp.
--<>--<>--<>--<>--<>--<>--<>--
(Tue Mar 25 15:28:17 2025)(-6.38165 [s])[Default,Backends][Warning][Non-fatal]:
WARNING: A problem has been raised by the backend system.
Failed loading library from /work/gambit/Backends/installed/higgsbounds/4.2.1/lib/libhiggsbounds.so due to: 
/work/gambit/Backends/installed/higgsbounds/4.2.1/lib/libhiggsbounds.so: cannot open shared object file: No such file or directory
All functions in this backend library will be disabled (i.e. given status = -1).
Raised at: line 458 in function void Gambit::Backends::backend_info::loadLibrary_C_CXX_Fortran(const str&, const str&, const str&, bool) of /work/gambit/Backends/src/backend_info.cpp.
--<>--<>--<>--<>--<>--<>--<>--
(Tue Mar 25 15:28:17 2025)(-6.37169 [s])[Default,Backends][Warning][Non-fatal]:
WARNING: A problem has been raised by the backend system.
Failed loading Python backend; source file not found at /work/gambit/Backends/installed/classy/exo_2.7.2/lib/classy_exo_2_7_2.py

Raised at: line 568 in function void Gambit::Backends::backend_info::loadLibrary_Python(const str&, const str&, const str&, const str&) of /work/gambit/Backends/src/backend_info.cpp.
--<>--<>--<>--<>--<>--<>--<>--
(Tue Mar 25 15:28:17 2025)(-6.35316 [s])[Default,Backends][Warning][Non-fatal]:
WARNING: A problem has been raised by the backend system.
Failed loading library from /work/gambit/Backends/installed/ddcalc/2.2.0/lib/libDDCalc.so due to: 
/work/gambit/Backends/installed/ddcalc/2.2.0/lib/libDDCalc.so: cannot open shared object file: No such file or directory
All functions in this backend library will be disabled (i.e. given status = -1).
Raised at: line 458 in function void Gambit::Backends::backend_info::loadLibrary_C_CXX_Fortran(const str&, const str&, const str&, bool) of /work/gambit/Backends/src/backend_info.cpp.
--<>--<>--<>--<>--<>--<>--<>--
(Tue Mar 25 15:28:18 2025)(-6.26356 [s])[Default,Backends][Warning][Non-fatal]:
WARNING: A problem has been raised by the backend system.
Failed loading Python backend; source file not found at /work/gambit/Backends/installed/classy/2.9.3/lib/classy_2_9_3.py

Raised at: line 568 in function void Gambit::Backends::backend_info::loadLibrary_Python(const str&, const str&, const str&, const str&) of /work/gambit/Backends/src/backend_info.cpp.
--<>--<>--<>--<>--<>--<>--<>--
(Tue Mar 25 15:28:18 2025)(-6.24515 [s])[Default,Backends][Warning][Non-fatal]:
WARNING: A problem has been raised by the backend system.
Failed loading Python backend LibSecond 1.0.
GAMBIT was configured with Python 3 but this backend needs Python 2.

Raised at: line 585 in function void Gambit::Backends::backend_info::loadLibrary_Python(const str&, const str&, const str&, const str&) of /work/gambit/Backends/src/backend_info.cpp.
--<>--<>--<>--<>--<>--<>--<>--
(Tue Mar 25 15:28:18 2025)(-6.23854 [s])[Default,Backends][Warning][Non-fatal]:
WARNING: A problem has been raised by the backend system.
Failed loading library from /work/gambit/Backends/installed/calchep/3.6.27/lib/libcalchep.so due to: 
/work/gambit/Backends/installed/calchep/3.6.27/lib/libcalchep.so: cannot open shared object file: No such file or directory
All functions in this backend library will be disabled (i.e. given status = -1).
Raised at: line 458 in function void Gambit::Backends::backend_info::loadLibrary_C_CXX_Fortran(const str&, const str&, const str&, bool) of /work/gambit/Backends/src/backend_info.cpp.
--<>--<>--<>--<>--<>--<>--<>--
(Tue Mar 25 15:28:18 2025)(-6.21367 [s])[Default,Backends][Warning][Non-fatal]:
WARNING: A problem has been raised by the backend system.
None of the library symbols (dsrdcom_) was found.
The backend function from this symbol will be disabled (i.e. get status = -2)

Raised at: line 168 in function void Gambit::set_backend_functor_status_C_CXX_Fortran(Gambit::functor&, const std::vector<std::__cxx11::basic_string<char> >&) of /work/gambit/Backends/src/ini_functions.cpp.
--<>--<>--<>--<>--<>--<>--<>--
(Tue Mar 25 15:28:18 2025)(-6.19889 [s])[Default,Backends][Warning][Non-fatal]:
WARNING: A problem has been raised by the backend system.
Failed loading library from /work/gambit/Backends/installed/darksusy/6.2.5/lib/libds_core_mssm.so due to: 
/work/gambit/Backends/installed/darksusy/6.2.5/lib/libds_core_mssm.so: cannot open shared object file: No such file or directory
All functions in this backend library will be disabled (i.e. given status = -1).
Raised at: line 458 in function void Gambit::Backends::backend_info::loadLibrary_C_CXX_Fortran(const str&, const str&, const str&, bool) of /work/gambit/Backends/src/backend_info.cpp.
--<>--<>--<>--<>--<>--<>--<>--
(Tue Mar 25 15:28:18 2025)(-6.14238 [s])[Default,Backends][Warning][Non-fatal]:
WARNING: A problem has been raised by the backend system.
Failed loading library from /work/gambit/Backends/installed/feynhiggs/2.12.0/lib/libFH.so due to: 
/work/gambit/Backends/installed/feynhiggs/2.12.0/lib/libFH.so: cannot open shared object file: No such file or directory
All functions in this backend library will be disabled (i.e. given status = -1).
Raised at: line 458 in function void Gambit::Backends::backend_info::loadLibrary_C_CXX_Fortran(const str&, const str&, const str&, bool) of /work/gambit/Backends/src/backend_info.cpp.
--<>--<>--<>--<>--<>--<>--<>--
(Tue Mar 25 15:28:18 2025)(-6.12523 [s])[Default,Backends][Warning][Non-fatal]:
WARNING: A problem has been raised by the backend system.
Failed loading library from /work/gambit/Backends/installed/darksusy/6.1.1/lib/libds_core_mssm.so due to: 
/work/gambit/Backends/installed/darksusy/6.1.1/lib/libds_core_mssm.so: cannot open shared object file: No such file or directory
All functions in this backend library will be disabled (i.e. given status = -1).
Raised at: line 458 in function void Gambit::Backends::backend_info::loadLibrary_C_CXX_Fortran(const str&, const str&, const str&, bool) of /work/gambit/Backends/src/backend_info.cpp.
--<>--<>--<>--<>--<>--<>--<>--
(Tue Mar 25 15:28:18 2025)(-6.02976 [s])[Default,Backends][Warning][Non-fatal]:
WARNING: A problem has been raised by the backend system.
Failed loading Python backend LibThird 1.0.
GAMBIT was configured with Python 3 but this backend needs Python 2.

Raised at: line 585 in function void Gambit::Backends::backend_info::loadLibrary_Python(const str&, const str&, const str&, const str&) of /work/gambit/Backends/src/backend_info.cpp.
--<>--<>--<>--<>--<>--<>--<>--
(Tue Mar 25 15:28:18 2025)(-6.02223 [s])[Default,Backends][Warning][Non-fatal]:
WARNING: A problem has been raised by the backend system.
Failed loading Python backend; source file not found at /work/gambit/Backends/installed/pbarlike/1.0/pbarlike-gambit-interface.py

Raised at: line 568 in function void Gambit::Backends::backend_info::loadLibrary_Python(const str&, const str&, const str&, const str&) of /work/gambit/Backends/src/backend_info.cpp.
--<>--<>--<>--<>--<>--<>--<>--
(Tue Mar 25 15:28:18 2025)(-5.99821 [s])[Default,Backends][Warning][Non-fatal]:
WARNING: A problem has been raised by the backend system.
Failed loading library from /work/gambit/Backends/installed/ddcalc/2.1.0/lib/libDDCalc.so due to: 
/work/gambit/Backends/installed/ddcalc/2.1.0/lib/libDDCalc.so: cannot open shared object file: No such file or directory
All functions in this backend library will be disabled (i.e. given status = -1).
Raised at: line 458 in function void Gambit::Backends::backend_info::loadLibrary_C_CXX_Fortran(const str&, const str&, const str&, bool) of /work/gambit/Backends/src/backend_info.cpp.
--<>--<>--<>--<>--<>--<>--<>--
(Tue Mar 25 15:28:18 2025)(-5.94942 [s])[Default,Backends][Warning][Non-fatal]:
WARNING: A problem has been raised by the backend system.
Failed loading library from /work/gambit/Backends/installed/feynhiggs/2.11.3/lib/libFH.so due to: 
/work/gambit/Backends/installed/feynhiggs/2.11.3/lib/libFH.so: cannot open shared object file: No such file or directory
All functions in this backend library will be disabled (i.e. given status = -1).
Raised at: line 458 in function void Gambit::Backends::backend_info::loadLibrary_C_CXX_Fortran(const str&, const str&, const str&, bool) of /work/gambit/Backends/src/backend_info.cpp.
--<>--<>--<>--<>--<>--<>--<>--
(Tue Mar 25 15:28:20 2025)(-4.01303 [s])[Default,Backends][Warning][Non-fatal]:
WARNING: A problem has been raised by the backend system.
Failed loading library from /work/gambit/Backends/installed/ddcalc/1.1.0/lib/libDDCalc.so due to: 
/work/gambit/Backends/installed/ddcalc/1.1.0/lib/libDDCalc.so: cannot open shared object file: No such file or directory
All functions in this backend library will be disabled (i.e. given status = -1).
Raised at: line 458 in function void Gambit::Backends::backend_info::loadLibrary_C_CXX_Fortran(const str&, const str&, const str&, bool) of /work/gambit/Backends/src/backend_info.cpp.
--<>--<>--<>--<>--<>--<>--<>--
(Tue Mar 25 15:28:20 2025)(-3.97608 [s])[Default,Backends][Warning][Non-fatal]:
WARNING: A problem has been raised by the backend system.
Failed loading library from /work/gambit/Backends/installed/nulike/1.0.4/lib/libnulike.so due to: 
/work/gambit/Backends/installed/nulike/1.0.4/lib/libnulike.so: cannot open shared object file: No such file or directory
All functions in this backend library will be disabled (i.e. given status = -1).
Raised at: line 458 in function void Gambit::Backends::backend_info::loadLibrary_C_CXX_Fortran(const str&, const str&, const str&, bool) of /work/gambit/Backends/src/backend_info.cpp.
--<>--<>--<>--<>--<>--<>--<>--
(Tue Mar 25 15:28:20 2025)(-3.97132 [s])[Default,Backends][Warning][Non-fatal]:
WARNING: A problem has been raised by the backend system.
Failed loading Python backend; source file not found at /work/gambit/Backends/installed/classy/3.1.0/lib/classy_3_1_0.py

Raised at: line 568 in function void Gambit::Backends::backend_info::loadLibrary_Python(const str&, const str&, const str&, const str&) of /work/gambit/Backends/src/backend_info.cpp.
--<>--<>--<>--<>--<>--<>--<>--
(Tue Mar 25 15:28:20 2025)(-3.95176 [s])[Default,Backends][Warning][Non-fatal]:
WARNING: A problem has been raised by the backend system.
Failed loading library from /work/gambit/Backends/installed/darksusy/6.2.2/lib/libds_core_generic_wimp.so due to: 
/work/gambit/Backends/installed/darksusy/6.2.2/lib/libds_core_generic_wimp.so: cannot open shared object file: No such file or directory
All functions in this backend library will be disabled (i.e. given status = -1).
Raised at: line 458 in function void Gambit::Backends::backend_info::loadLibrary_C_CXX_Fortran(const str&, const str&, const str&, bool) of /work/gambit/Backends/src/backend_info.cpp.
--<>--<>--<>--<>--<>--<>--<>--
(Tue Mar 25 15:28:20 2025)(-3.93342 [s])[Default,Backends][Warning][Non-fatal]:
WARNING: A problem has been raised by the backend system.
Failed loading library from /work/gambit/Backends/installed/ddcalc/1.2.0/lib/libDDCalc.so due to: 
/work/gambit/Backends/installed/ddcalc/1.2.0/lib/libDDCalc.so: cannot open shared object file: No such file or directory
All functions in this backend library will be disabled (i.e. given status = -1).
Raised at: line 458 in function void Gambit::Backends::backend_info::loadLibrary_C_CXX_Fortran(const str&, const str&, const str&, bool) of /work/gambit/Backends/src/backend_info.cpp.
--<>--<>--<>--<>--<>--<>--<>--
(Tue Mar 25 15:28:20 2025)(-3.89525 [s])[Default,Backends][Warning][Non-fatal]:
WARNING: A problem has been raised by the backend system.
Failed loading library from /work/gambit/Backends/installed/darksusy/6.2.2/lib/libds_core_mssm.so due to: 
/work/gambit/Backends/installed/darksusy/6.2.2/lib/libds_core_mssm.so: cannot open shared object file: No such file or directory
All functions in this backend library will be disabled (i.e. given status = -1).
Raised at: line 458 in function void Gambit::Backends::backend_info::loadLibrary_C_CXX_Fortran(const str&, const str&, const str&, bool) of /work/gambit/Backends/src/backend_info.cpp.
--<>--<>--<>--<>--<>--<>--<>--
(Tue Mar 25 15:28:20 2025)(-3.83767 [s])[Default,Backends][Warning][Non-fatal]:
WARNING: A problem has been raised by the backend system.
Failed loading library from /work/gambit/no path in config/backend_locations.yaml.default due to: 
/work/gambit/no path in config/backend_locations.yaml.default: cannot open shared object file: No such file or directory
All functions in this backend library will be disabled (i.e. given status = -1).
Raised at: line 458 in function void Gambit::Backends::backend_info::loadLibrary_C_CXX_Fortran(const str&, const str&, const str&, bool) of /work/gambit/Backends/src/backend_info.cpp.
--<>--<>--<>--<>--<>--<>--<>--
(Tue Mar 25 15:28:20 2025)(-3.8297 [s])[Default,Backends][Warning][Non-fatal]:
WARNING: A problem has been raised by the backend system.
Failed loading Python backend; source file not found at /work/gambit/Backends/installed/contur/2.1.1/contur/init_by_GAMBIT.py

Raised at: line 568 in function void Gambit::Backends::backend_info::loadLibrary_Python(const str&, const str&, const str&, const str&) of /work/gambit/Backends/src/backend_info.cpp.
--<>--<>--<>--<>--<>--<>--<>--
