(Mon Mar 24 16:33:50 2025)(-8.66857 [s])[Default,Backends][Warning][Non-fatal]:
WARNING: A problem has been raised by the backend system.
None of the library symbols (__inputoutput_MOD_l_rp_pythia, inputoutput_mp_l_rp_pythia_) was found.
The backend function from this symbol will be disabled (i.e. get status = -2)

Raised at: line 168 in function void Gambit::set_backend_functor_status_C_CXX_Fortran(Gambit::functor&, const std::vector<std::__cxx11::basic_string<char> >&) of /work/gambit/Backends/src/ini_functions.cpp.
--<>--<>--<>--<>--<>--<>--<>--
(Mon Mar 24 16:33:50 2025)(-8.66706 [s])[Default,Backends][Warning][Non-fatal]:
WARNING: A problem has been raised by the backend system.
None of the library symbols (__inputoutput_MOD_io_rp, inputoutput_mp_io_rp_) was found.
The backend function from this symbol will be disabled (i.e. get status = -2)

Raised at: line 168 in function void Gambit::set_backend_functor_status_C_CXX_Fortran(Gambit::functor&, const std::vector<std::__cxx11::basic_string<char> >&) of /work/gambit/Backends/src/ini_functions.cpp.
--<>--<>--<>--<>--<>--<>--<>--
(Mon Mar 24 16:33:50 2025)(-8.66625 [s])[Default,Backends][Warning][Non-fatal]:
WARNING: A problem has been raised by the backend system.
None of the library symbols (__inputoutput_MOD_madgraph_style, inputoutput_mp_madgraph_style_) was found.
The backend function from this symbol will be disabled (i.e. get status = -2)

Raised at: line 168 in function void Gambit::set_backend_functor_status_C_CXX_Fortran(Gambit::functor&, const std::vector<std::__cxx11::basic_string<char> >&) of /work/gambit/Backends/src/ini_functions.cpp.
--<>--<>--<>--<>--<>--<>--<>--
(Mon Mar 24 16:33:50 2025)(-8.66541 [s])[Default,Backends][Warning][Non-fatal]:
WARNING: A problem has been raised by the backend system.
None of the library symbols (__inputoutput_MOD_lwrite_lhc_observables, inputoutput_mp_lwrite_lhc_observables_) was found.
The backend function from this symbol will be disabled (i.e. get status = -2)

Raised at: line 168 in function void Gambit::set_backend_functor_status_C_CXX_Fortran(Gambit::functor&, const std::vector<std::__cxx11::basic_string<char> >&) of /work/gambit/Backends/src/ini_functions.cpp.
--<>--<>--<>--<>--<>--<>--<>--
(Mon Mar 24 16:33:51 2025)(-8.59745 [s])[Default,Backends][Warning][Non-fatal]:
WARNING: A problem has been raised by the backend system.
Failed loading library from /work/gambit/Backends/installed/feynhiggs/2.11.2/lib/libFH.so due to: 
/work/gambit/Backends/installed/feynhiggs/2.11.2/lib/libFH.so: cannot open shared object file: No such file or directory
All functions in this backend library will be disabled (i.e. given status = -1).
Raised at: line 458 in function void Gambit::Backends::backend_info::loadLibrary_C_CXX_Fortran(const str&, const str&, const str&, bool) of /work/gambit/Backends/src/backend_info.cpp.
--<>--<>--<>--<>--<>--<>--<>--
(Mon Mar 24 16:33:51 2025)(-8.55791 [s])[Default,Backends][Warning][Non-fatal]:
WARNING: A problem has been raised by the backend system.
Failed loading library from /work/gambit/Backends/installed/ddcalc/2.0.0/lib/libDDCalc.so due to: 
/work/gambit/Backends/installed/ddcalc/2.0.0/lib/libDDCalc.so: cannot open shared object file: No such file or directory
All functions in this backend library will be disabled (i.e. given status = -1).
Raised at: line 458 in function void Gambit::Backends::backend_info::loadLibrary_C_CXX_Fortran(const str&, const str&, const str&, bool) of /work/gambit/Backends/src/backend_info.cpp.
--<>--<>--<>--<>--<>--<>--<>--
(Mon Mar 24 16:33:51 2025)(-7.63505 [s])[Default,Backends][Warning][Non-fatal]:
WARNING: A problem has been raised by the backend system.
Failed loading Python backend; source file not found at /work/gambit/Backends/installed/classy/2.9.4/lib/classy_2_9_4.py

Raised at: line 568 in function void Gambit::Backends::backend_info::loadLibrary_Python(const str&, const str&, const str&, const str&) of /work/gambit/Backends/src/backend_info.cpp.
--<>--<>--<>--<>--<>--<>--<>--
(Mon Mar 24 16:33:52 2025)(-7.61708 [s])[Default,Backends][Warning][Non-fatal]:
WARNING: A problem has been raised by the backend system.
Failed loading library from /work/gambit/Backends/installed/ddcalc/1.0.0/lib/libDDCalc.so due to: 
/work/gambit/Backends/installed/ddcalc/1.0.0/lib/libDDCalc.so: cannot open shared object file: No such file or directory
All functions in this backend library will be disabled (i.e. given status = -1).
Raised at: line 458 in function void Gambit::Backends::backend_info::loadLibrary_C_CXX_Fortran(const str&, const str&, const str&, bool) of /work/gambit/Backends/src/backend_info.cpp.
--<>--<>--<>--<>--<>--<>--<>--
(Mon Mar 24 16:33:52 2025)(-7.57407 [s])[Default,Backends][Warning][Non-fatal]:
WARNING: A problem has been raised by the backend system.
Failed loading library from /work/gambit/Backends/installed/darksusy/6.2.5/lib/libds_core_generic_wimp.so due to: 
/work/gambit/Backends/installed/darksusy/6.2.5/lib/libds_core_generic_wimp.so: cannot open shared object file: No such file or directory
All functions in this backend library will be disabled (i.e. given status = -1).
Raised at: line 458 in function void Gambit::Backends::backend_info::loadLibrary_C_CXX_Fortran(const str&, const str&, const str&, bool) of /work/gambit/Backends/src/backend_info.cpp.
--<>--<>--<>--<>--<>--<>--<>--
(Mon Mar 24 16:33:52 2025)(-7.38002 [s])[Default,Backends][Warning][Non-fatal]:
WARNING: A problem has been raised by the backend system.
Failed loading library from /work/gambit/Backends/installed/spheno/3.3.8/lib/libSPheno.so due to: 
/work/gambit/Backends/installed/spheno/3.3.8/lib/libSPheno.so: cannot open shared object file: No such file or directory
All functions in this backend library will be disabled (i.e. given status = -1).
Raised at: line 458 in function void Gambit::Backends::backend_info::loadLibrary_C_CXX_Fortran(const str&, const str&, const str&, bool) of /work/gambit/Backends/src/backend_info.cpp.
--<>--<>--<>--<>--<>--<>--<>--
(Mon Mar 24 16:33:52 2025)(-7.20995 [s])[Default,Backends][Warning][Non-fatal]:
WARNING: A problem has been raised by the backend system.
Failed loading library from /work/gambit/Backends/installed/nulike/1.0.8/lib/libnulike.so due to: 
/work/gambit/Backends/installed/nulike/1.0.8/lib/libnulike.so: cannot open shared object file: No such file or directory
All functions in this backend library will be disabled (i.e. given status = -1).
Raised at: line 458 in function void Gambit::Backends::backend_info::loadLibrary_C_CXX_Fortran(const str&, const str&, const str&, bool) of /work/gambit/Backends/src/backend_info.cpp.
--<>--<>--<>--<>--<>--<>--<>--
(Mon Mar 24 16:33:52 2025)(-6.95058 [s])[Default,Backends][Warning][Non-fatal]:
WARNING: A problem has been raised by the backend system.
Failed loading library from /work/gambit/Backends/installed/darksusy/5.1.3/lib/libdarksusy.so due to: 
/work/gambit/Backends/installed/darksusy/5.1.3/lib/libdarksusy.so: cannot open shared object file: No such file or directory
All functions in this backend library will be disabled (i.e. given status = -1).
Raised at: line 458 in function void Gambit::Backends::backend_info::loadLibrary_C_CXX_Fortran(const str&, const str&, const str&, bool) of /work/gambit/Backends/src/backend_info.cpp.
--<>--<>--<>--<>--<>--<>--<>--
(Mon Mar 24 16:33:52 2025)(-6.79556 [s])[Default,Backends][Warning][Non-fatal]:
WARNING: A problem has been raised by the backend system.
Failed loading library from /work/gambit/Backends/installed/capgen/2.1/gencaplib.so due to: 
/work/gambit/Backends/installed/capgen/2.1/gencaplib.so: cannot open shared object file: No such file or directory
All functions in this backend library will be disabled (i.e. given status = -1).
Raised at: line 458 in function void Gambit::Backends::backend_info::loadLibrary_C_CXX_Fortran(const str&, const str&, const str&, bool) of /work/gambit/Backends/src/backend_info.cpp.
--<>--<>--<>--<>--<>--<>--<>--
(Mon Mar 24 16:33:52 2025)(-6.77824 [s])[Default,Backends][Warning][Non-fatal]:
WARNING: A problem has been raised by the backend system.
Failed loading library from /work/gambit/Backends/installed/darksusy/6.1.1/lib/libds_core_generic_wimp.so due to: 
/work/gambit/Backends/installed/darksusy/6.1.1/lib/libds_core_generic_wimp.so: cannot open shared object file: No such file or directory
All functions in this backend library will be disabled (i.e. given status = -1).
Raised at: line 458 in function void Gambit::Backends::backend_info::loadLibrary_C_CXX_Fortran(const str&, const str&, const str&, bool) of /work/gambit/Backends/src/backend_info.cpp.
--<>--<>--<>--<>--<>--<>--<>--
(Mon Mar 24 16:33:52 2025)(-6.75925 [s])[Default,Backends][Warning][Non-fatal]:
WARNING: A problem has been raised by the backend system.
Backend requires Mathematica and WSTP, but one of them is not found in the system. Please install/buy Mathematica and/or WSTP before using this backend.

Raised at: line 336 in function int Gambit::Backends::backend_info::loadLibrary(const str&, const str&, const str&, bool, const str&) of /work/gambit/Backends/src/backend_info.cpp.
--<>--<>--<>--<>--<>--<>--<>--
(Mon Mar 24 16:33:52 2025)(-6.75717 [s])[Default,Backends][Warning][Non-fatal]:
WARNING: A problem has been raised by the backend system.
Mathematica is not found or it is disabled. 
The backend function for the symbol MHiggs will be disabled  (i.e. get status = -5)

Raised at: line 274 in function int Gambit::set_backend_functor_status(Gambit::functor&, const std::vector<std::__cxx11::basic_string<char> >&) of /work/gambit/Backends/src/ini_functions.cpp.
--<>--<>--<>--<>--<>--<>--<>--
(Mon Mar 24 16:33:52 2025)(-6.75631 [s])[Default,Backends][Warning][Non-fatal]:
WARNING: A problem has been raised by the backend system.
Mathematica is not found or it is disabled. 
The backend function for the symbol \[CapitalDelta]MHiggs will be disabled  (i.e. get status = -5)

Raised at: line 274 in function int Gambit::set_backend_functor_status(Gambit::functor&, const std::vector<std::__cxx11::basic_string<char> >&) of /work/gambit/Backends/src/ini_functions.cpp.
--<>--<>--<>--<>--<>--<>--<>--
(Mon Mar 24 16:33:52 2025)(-6.75546 [s])[Default,Backends][Warning][Non-fatal]:
WARNING: A problem has been raised by the backend system.
Mathematica is not found or it is disabled. 
The backend function for the symbol SetSMparameters will be disabled  (i.e. get status = -5)

Raised at: line 274 in function int Gambit::set_backend_functor_status(Gambit::functor&, const std::vector<std::__cxx11::basic_string<char> >&) of /work/gambit/Backends/src/ini_functions.cpp.
--<>--<>--<>--<>--<>--<>--<>--
(Mon Mar 24 16:33:52 2025)(-6.72342 [s])[Default,Backends][Warning][Non-fatal]:
WARNING: A problem has been raised by the backend system.
Failed loading Python backend; source file not found at /work/gambit/Backends/installed/classy/2.6.3/lib/classy_2_6_3.py

Raised at: line 568 in function void Gambit::Backends::backend_info::loadLibrary_Python(const str&, const str&, const str&, const str&) of /work/gambit/Backends/src/backend_info.cpp.
--<>--<>--<>--<>--<>--<>--<>--
(Mon Mar 24 16:33:52 2025)(-6.70495 [s])[Default,Backends][Warning][Non-fatal]:
WARNING: A problem has been raised by the backend system.
Failed loading library from /work/gambit/Backends/installed/nulike/1.0.5/lib/libnulike.so due to: 
/work/gambit/Backends/installed/nulike/1.0.5/lib/libnulike.so: cannot open shared object file: No such file or directory
All functions in this backend library will be disabled (i.e. given status = -1).
Raised at: line 458 in function void Gambit::Backends::backend_info::loadLibrary_C_CXX_Fortran(const str&, const str&, const str&, bool) of /work/gambit/Backends/src/backend_info.cpp.
--<>--<>--<>--<>--<>--<>--<>--
(Mon Mar 24 16:33:52 2025)(-6.68728 [s])[Default,Backends][Warning][Non-fatal]:
WARNING: A problem has been raised by the backend system.
None of the library symbols (dsrdcom_) was found.
The backend function from this symbol will be disabled (i.e. get status = -2)

Raised at: line 168 in function void Gambit::set_backend_functor_status_C_CXX_Fortran(Gambit::functor&, const std::vector<std::__cxx11::basic_string<char> >&) of /work/gambit/Backends/src/ini_functions.cpp.
--<>--<>--<>--<>--<>--<>--<>--
(Mon Mar 24 16:33:52 2025)(-6.67279 [s])[Default,Backends][Warning][Non-fatal]:
WARNING: A problem has been raised by the backend system.
None of the library symbols (dsgive_model_SLHA_) was found.
The backend function from this symbol will be disabled (i.e. get status = -2)

Raised at: line 168 in function void Gambit::set_backend_functor_status_C_CXX_Fortran(Gambit::functor&, const std::vector<std::__cxx11::basic_string<char> >&) of /work/gambit/Backends/src/ini_functions.cpp.
--<>--<>--<>--<>--<>--<>--<>--
(Mon Mar 24 16:33:52 2025)(-6.63473 [s])[Default,Backends][Warning][Non-fatal]:
WARNING: A problem has been raised by the backend system.
Failed loading library from /work/gambit/Backends/installed/nulike/1.0.6/lib/libnulike.so due to: 
/work/gambit/Backends/installed/nulike/1.0.6/lib/libnulike.so: cannot open shared object file: No such file or directory
All functions in this backend library will be disabled (i.e. given status = -1).
Raised at: line 458 in function void Gambit::Backends::backend_info::loadLibrary_C_CXX_Fortran(const str&, const str&, const str&, bool) of /work/gambit/Backends/src/backend_info.cpp.
--<>--<>--<>--<>--<>--<>--<>--
(Mon Mar 24 16:33:53 2025)(-6.56416 [s])[Default,Backends][Warning][Non-fatal]:
WARNING: A problem has been raised by the backend system.
Backend requires Mathematica and WSTP, but one of them is not found in the system. Please install/buy Mathematica and/or WSTP before using this backend.

Raised at: line 336 in function int Gambit::Backends::backend_info::loadLibrary(const str&, const str&, const str&, bool, const str&) of /work/gambit/Backends/src/backend_info.cpp.
--<>--<>--<>--<>--<>--<>--<>--
(Mon Mar 24 16:33:53 2025)(-6.56258 [s])[Default,Backends][Warning][Non-fatal]:
WARNING: A problem has been raised by the backend system.
Mathematica is not found or it is disabled. 
The backend function for the symbol CalculateSquare will be disabled  (i.e. get status = -5)

Raised at: line 274 in function int Gambit::set_backend_functor_status(Gambit::functor&, const std::vector<std::__cxx11::basic_string<char> >&) of /work/gambit/Backends/src/ini_functions.cpp.
--<>--<>--<>--<>--<>--<>--<>--
(Mon Mar 24 16:33:53 2025)(-6.56109 [s])[Default,Backends][Warning][Non-fatal]:
WARNING: A problem has been raised by the backend system.
Mathematica is not found or it is disabled. 
The backend function for the symbol CalculateSum will be disabled  (i.e. get status = -5)

Raised at: line 274 in function int Gambit::set_backend_functor_status(Gambit::functor&, const std::vector<std::__cxx11::basic_string<char> >&) of /work/gambit/Backends/src/ini_functions.cpp.
--<>--<>--<>--<>--<>--<>--<>--
(Mon Mar 24 16:33:53 2025)(-6.56003 [s])[Default,Backends][Warning][Non-fatal]:
WARNING: A problem has been raised by the backend system.
Mathematica is not found or it is disabled. 
The backend function for the symbol PrintVar will be disabled  (i.e. get status = -5)

Raised at: line 274 in function int Gambit::set_backend_functor_status(Gambit::functor&, const std::vector<std::__cxx11::basic_string<char> >&) of /work/gambit/Backends/src/ini_functions.cpp.
--<>--<>--<>--<>--<>--<>--<>--
(Mon Mar 24 16:33:53 2025)(-6.55895 [s])[Default,Backends][Warning][Non-fatal]:
WARNING: A problem has been raised by the backend system.
Mathematica is not found or it is disabled. 
The backend function for the symbol PrintVarorVar2 will be disabled  (i.e. get status = -5)

Raised at: line 274 in function int Gambit::set_backend_functor_status(Gambit::functor&, const std::vector<std::__cxx11::basic_string<char> >&) of /work/gambit/Backends/src/ini_functions.cpp.
--<>--<>--<>--<>--<>--<>--<>--
(Mon Mar 24 16:33:53 2025)(-6.55812 [s])[Default,Backends][Warning][Non-fatal]:
WARNING: A problem has been raised by the backend system.
Mathematica is not found or it is disabled. 
The backend function for the symbol VarEqualVar2 will be disabled  (i.e. get status = -5)

Raised at: line 274 in function int Gambit::set_backend_functor_status(Gambit::functor&, const std::vector<std::__cxx11::basic_string<char> >&) of /work/gambit/Backends/src/ini_functions.cpp.
--<>--<>--<>--<>--<>--<>--<>--
(Mon Mar 24 16:33:53 2025)(-6.55725 [s])[Default,Backends][Warning][Non-fatal]:
WARNING: A problem has been raised by the backend system.
Mathematica is not found or it is disabled. 
The backend function for the symbol StringTest will be disabled  (i.e. get status = -5)

Raised at: line 274 in function int Gambit::set_backend_functor_status(Gambit::functor&, const std::vector<std::__cxx11::basic_string<char> >&) of /work/gambit/Backends/src/ini_functions.cpp.
--<>--<>--<>--<>--<>--<>--<>--
(Mon Mar 24 16:33:53 2025)(-6.55641 [s])[Default,Backends][Warning][Non-fatal]:
WARNING: A problem has been raised by the backend system.
Mathematica is not found or it is disabled. 
The backend function for the symbol VoidTest will be disabled  (i.e. get status = -5)

Raised at: line 274 in function int Gambit::set_backend_functor_status(Gambit::functor&, const std::vector<std::__cxx11::basic_string<char> >&) of /work/gambit/Backends/src/ini_functions.cpp.
--<>--<>--<>--<>--<>--<>--<>--
(Mon Mar 24 16:33:53 2025)(-6.55553 [s])[Default,Backends][Warning][Non-fatal]:
WARNING: A problem has been raised by the backend system.
Mathematica is not found or it is disabled. 
The backend function for the symbol ExtractElement will be disabled  (i.e. get status = -5)

Raised at: line 274 in function int Gambit::set_backend_functor_status(Gambit::functor&, const std::vector<std::__cxx11::basic_string<char> >&) of /work/gambit/Backends/src/ini_functions.cpp.
--<>--<>--<>--<>--<>--<>--<>--
(Mon Mar 24 16:33:53 2025)(-6.55464 [s])[Default,Backends][Warning][Non-fatal]:
WARNING: A problem has been raised by the backend system.
Mathematica is not found or it is disabled. 
The backend function for the symbol SquareList will be disabled  (i.e. get status = -5)

Raised at: line 274 in function int Gambit::set_backend_functor_status(Gambit::functor&, const std::vector<std::__cxx11::basic_string<char> >&) of /work/gambit/Backends/src/ini_functions.cpp.
--<>--<>--<>--<>--<>--<>--<>--
(Mon Mar 24 16:33:53 2025)(-6.55376 [s])[Default,Backends][Warning][Non-fatal]:
WARNING: A problem has been raised by the backend system.
Mathematica is not found or it is disabled. 
The backend function for the symbol \[CapitalGamma]func will be disabled  (i.e. get status = -5)

Raised at: line 274 in function int Gambit::set_backend_functor_status(Gambit::functor&, const std::vector<std::__cxx11::basic_string<char> >&) of /work/gambit/Backends/src/ini_functions.cpp.
--<>--<>--<>--<>--<>--<>--<>--
(Mon Mar 24 16:33:53 2025)(-6.55271 [s])[Default,Backends][Warning][Non-fatal]:
WARNING: A problem has been raised by the backend system.
Mathematica is not found or it is disabled. 
The backend function for the symbol Var will be disabled  (i.e. get status = -5)

Raised at: line 274 in function int Gambit::set_backend_functor_status(Gambit::functor&, const std::vector<std::__cxx11::basic_string<char> >&) of /work/gambit/Backends/src/ini_functions.cpp.
--<>--<>--<>--<>--<>--<>--<>--
(Mon Mar 24 16:33:53 2025)(-6.55186 [s])[Default,Backends][Warning][Non-fatal]:
WARNING: A problem has been raised by the backend system.
Mathematica is not found or it is disabled. 
The backend function for the symbol Var2 will be disabled  (i.e. get status = -5)

Raised at: line 274 in function int Gambit::set_backend_functor_status(Gambit::functor&, const std::vector<std::__cxx11::basic_string<char> >&) of /work/gambit/Backends/src/ini_functions.cpp.
--<>--<>--<>--<>--<>--<>--<>--
(Mon Mar 24 16:33:53 2025)(-6.55097 [s])[Default,Backends][Warning][Non-fatal]:
WARNING: A problem has been raised by the backend system.
Mathematica is not found or it is disabled. 
The backend function for the symbol \[Delta]var will be disabled  (i.e. get status = -5)

Raised at: line 274 in function int Gambit::set_backend_functor_status(Gambit::functor&, const std::vector<std::__cxx11::basic_string<char> >&) of /work/gambit/Backends/src/ini_functions.cpp.
--<>--<>--<>--<>--<>--<>--<>--
(Mon Mar 24 16:33:53 2025)(-6.55026 [s])[Default,Backends][Warning][Non-fatal]:
WARNING: A problem has been raised by the backend system.
Mathematica is not found or it is disabled. 
The backend function for the symbol no_symbol will be disabled  (i.e. get status = -5)

Raised at: line 274 in function int Gambit::set_backend_functor_status(Gambit::functor&, const std::vector<std::__cxx11::basic_string<char> >&) of /work/gambit/Backends/src/ini_functions.cpp.
--<>--<>--<>--<>--<>--<>--<>--
(Mon Mar 24 16:33:53 2025)(-6.49171 [s])[Default,Backends][Warning][Non-fatal]:
WARNING: A problem has been raised by the backend system.
Failed loading library from /work/gambit/Backends/installed/nulike/1.0.7/lib/libnulike.so due to: 
/work/gambit/Backends/installed/nulike/1.0.7/lib/libnulike.so: cannot open shared object file: No such file or directory
All functions in this backend library will be disabled (i.e. given status = -1).
Raised at: line 458 in function void Gambit::Backends::backend_info::loadLibrary_C_CXX_Fortran(const str&, const str&, const str&, bool) of /work/gambit/Backends/src/backend_info.cpp.
--<>--<>--<>--<>--<>--<>--<>--
(Mon Mar 24 16:33:53 2025)(-6.48695 [s])[Default,Backends][Warning][Non-fatal]:
WARNING: A problem has been raised by the backend system.
Failed loading library from /work/gambit/Backends/installed/gamlike/1.0.0/lib/gamLike.so due to: 
/work/gambit/Backends/installed/gamlike/1.0.0/lib/gamLike.so: cannot open shared object file: No such file or directory
All functions in this backend library will be disabled (i.e. given status = -1).
Raised at: line 458 in function void Gambit::Backends::backend_info::loadLibrary_C_CXX_Fortran(const str&, const str&, const str&, bool) of /work/gambit/Backends/src/backend_info.cpp.
--<>--<>--<>--<>--<>--<>--<>--
(Mon Mar 24 16:33:53 2025)(-6.47608 [s])[Default,Backends][Warning][Non-fatal]:
WARNING: A problem has been raised by the backend system.
Could not find path for backend salami v0.1.0
in /work/gambit/config/backend_locations.yaml.default.
Setting path to "no path in config/backend_locations.yaml.default".
Raised at: line 174 in function Gambit::str Gambit::Backends::backend_info::path(Gambit::str, Gambit::str) const of /work/gambit/Backends/src/backend_info.cpp.
--<>--<>--<>--<>--<>--<>--<>--
(Mon Mar 24 16:33:53 2025)(-6.47607 [s])[Default,Backends][Warning][Non-fatal]:
WARNING: A problem has been raised by the backend system.
Failed loading Python backend; source file not found at /work/gambit/no path in config/backend_locations.yaml.default

Raised at: line 568 in function void Gambit::Backends::backend_info::loadLibrary_Python(const str&, const str&, const str&, const str&) of /work/gambit/Backends/src/backend_info.cpp.
--<>--<>--<>--<>--<>--<>--<>--
(Mon Mar 24 16:33:53 2025)(-6.47273 [s])[Default,Backends][Warning][Non-fatal]:
WARNING: A problem has been raised by the backend system.
Failed loading Python backend; source file not found at /work/gambit/Backends/installed/montepythonlike/3.3.0/montepython/MontePythonLike_3_3_0.py

Raised at: line 568 in function void Gambit::Backends::backend_info::loadLibrary_Python(const str&, const str&, const str&, const str&) of /work/gambit/Backends/src/backend_info.cpp.
--<>--<>--<>--<>--<>--<>--<>--
(Mon Mar 24 16:33:53 2025)(-6.46682 [s])[Default,Backends][Warning][Non-fatal]:
WARNING: A problem has been raised by the backend system.
Failed loading library from /work/gambit/Backends/installed/gm2calc/1.2.0/src/libgm2calc.so due to: 
/work/gambit/Backends/installed/gm2calc/1.2.0/src/libgm2calc.so: cannot open shared object file: No such file or directory
All functions in this backend library will be disabled (i.e. given status = -1).
Raised at: line 458 in function void Gambit::Backends::backend_info::loadLibrary_C_CXX_Fortran(const str&, const str&, const str&, bool) of /work/gambit/Backends/src/backend_info.cpp.
--<>--<>--<>--<>--<>--<>--<>--
(Mon Mar 24 16:33:53 2025)(-6.45776 [s])[Default,Backends][Warning][Non-fatal]:
WARNING: A problem has been raised by the backend system.
Failed loading Python backend; source file not found at /work/gambit/Backends/examples/simple_xs/1.0/simple_xs.py

Raised at: line 568 in function void Gambit::Backends::backend_info::loadLibrary_Python(const str&, const str&, const str&, const str&) of /work/gambit/Backends/src/backend_info.cpp.
--<>--<>--<>--<>--<>--<>--<>--
(Mon Mar 24 16:33:53 2025)(-6.44511 [s])[Default,Backends][Warning][Non-fatal]:
WARNING: A problem has been raised by the backend system.
Failed loading Python backend; source file not found at /work/gambit/no path in config/backend_locations.yaml.default

Raised at: line 568 in function void Gambit::Backends::backend_info::loadLibrary_Python(const str&, const str&, const str&, const str&) of /work/gambit/Backends/src/backend_info.cpp.
--<>--<>--<>--<>--<>--<>--<>--
(Mon Mar 24 16:33:53 2025)(-6.44183 [s])[Default,Backends][Warning][Non-fatal]:
WARNING: A problem has been raised by the backend system.
Failed loading library from /work/gambit/Backends/installed/higgsbounds/4.2.1/lib/libhiggsbounds.so due to: 
/work/gambit/Backends/installed/higgsbounds/4.2.1/lib/libhiggsbounds.so: cannot open shared object file: No such file or directory
All functions in this backend library will be disabled (i.e. given status = -1).
Raised at: line 458 in function void Gambit::Backends::backend_info::loadLibrary_C_CXX_Fortran(const str&, const str&, const str&, bool) of /work/gambit/Backends/src/backend_info.cpp.
--<>--<>--<>--<>--<>--<>--<>--
(Mon Mar 24 16:33:53 2025)(-6.43196 [s])[Default,Backends][Warning][Non-fatal]:
WARNING: A problem has been raised by the backend system.
Failed loading Python backend; source file not found at /work/gambit/Backends/installed/classy/exo_2.7.2/lib/classy_exo_2_7_2.py

Raised at: line 568 in function void Gambit::Backends::backend_info::loadLibrary_Python(const str&, const str&, const str&, const str&) of /work/gambit/Backends/src/backend_info.cpp.
--<>--<>--<>--<>--<>--<>--<>--
(Mon Mar 24 16:33:53 2025)(-6.41377 [s])[Default,Backends][Warning][Non-fatal]:
WARNING: A problem has been raised by the backend system.
Failed loading library from /work/gambit/Backends/installed/ddcalc/2.2.0/lib/libDDCalc.so due to: 
/work/gambit/Backends/installed/ddcalc/2.2.0/lib/libDDCalc.so: cannot open shared object file: No such file or directory
All functions in this backend library will be disabled (i.e. given status = -1).
Raised at: line 458 in function void Gambit::Backends::backend_info::loadLibrary_C_CXX_Fortran(const str&, const str&, const str&, bool) of /work/gambit/Backends/src/backend_info.cpp.
--<>--<>--<>--<>--<>--<>--<>--
(Mon Mar 24 16:33:53 2025)(-6.32675 [s])[Default,Backends][Warning][Non-fatal]:
WARNING: A problem has been raised by the backend system.
Failed loading Python backend; source file not found at /work/gambit/Backends/installed/classy/2.9.3/lib/classy_2_9_3.py

Raised at: line 568 in function void Gambit::Backends::backend_info::loadLibrary_Python(const str&, const str&, const str&, const str&) of /work/gambit/Backends/src/backend_info.cpp.
--<>--<>--<>--<>--<>--<>--<>--
(Mon Mar 24 16:33:53 2025)(-6.3087 [s])[Default,Backends][Warning][Non-fatal]:
WARNING: A problem has been raised by the backend system.
Failed loading Python backend LibSecond 1.0.
GAMBIT was configured with Python 3 but this backend needs Python 2.

Raised at: line 585 in function void Gambit::Backends::backend_info::loadLibrary_Python(const str&, const str&, const str&, const str&) of /work/gambit/Backends/src/backend_info.cpp.
--<>--<>--<>--<>--<>--<>--<>--
(Mon Mar 24 16:33:53 2025)(-6.30296 [s])[Default,Backends][Warning][Non-fatal]:
WARNING: A problem has been raised by the backend system.
Failed loading library from /work/gambit/Backends/installed/calchep/3.6.27/lib/libcalchep.so due to: 
/work/gambit/Backends/installed/calchep/3.6.27/lib/libcalchep.so: cannot open shared object file: No such file or directory
All functions in this backend library will be disabled (i.e. given status = -1).
Raised at: line 458 in function void Gambit::Backends::backend_info::loadLibrary_C_CXX_Fortran(const str&, const str&, const str&, bool) of /work/gambit/Backends/src/backend_info.cpp.
--<>--<>--<>--<>--<>--<>--<>--
(Mon Mar 24 16:33:53 2025)(-6.27918 [s])[Default,Backends][Warning][Non-fatal]:
WARNING: A problem has been raised by the backend system.
None of the library symbols (dsrdcom_) was found.
The backend function from this symbol will be disabled (i.e. get status = -2)

Raised at: line 168 in function void Gambit::set_backend_functor_status_C_CXX_Fortran(Gambit::functor&, const std::vector<std::__cxx11::basic_string<char> >&) of /work/gambit/Backends/src/ini_functions.cpp.
--<>--<>--<>--<>--<>--<>--<>--
(Mon Mar 24 16:33:53 2025)(-6.26479 [s])[Default,Backends][Warning][Non-fatal]:
WARNING: A problem has been raised by the backend system.
Failed loading library from /work/gambit/Backends/installed/darksusy/6.2.5/lib/libds_core_mssm.so due to: 
/work/gambit/Backends/installed/darksusy/6.2.5/lib/libds_core_mssm.so: cannot open shared object file: No such file or directory
All functions in this backend library will be disabled (i.e. given status = -1).
Raised at: line 458 in function void Gambit::Backends::backend_info::loadLibrary_C_CXX_Fortran(const str&, const str&, const str&, bool) of /work/gambit/Backends/src/backend_info.cpp.
--<>--<>--<>--<>--<>--<>--<>--
(Mon Mar 24 16:33:53 2025)(-6.20896 [s])[Default,Backends][Warning][Non-fatal]:
WARNING: A problem has been raised by the backend system.
Failed loading library from /work/gambit/Backends/installed/feynhiggs/2.12.0/lib/libFH.so due to: 
/work/gambit/Backends/installed/feynhiggs/2.12.0/lib/libFH.so: cannot open shared object file: No such file or directory
All functions in this backend library will be disabled (i.e. given status = -1).
Raised at: line 458 in function void Gambit::Backends::backend_info::loadLibrary_C_CXX_Fortran(const str&, const str&, const str&, bool) of /work/gambit/Backends/src/backend_info.cpp.
--<>--<>--<>--<>--<>--<>--<>--
(Mon Mar 24 16:33:53 2025)(-6.19217 [s])[Default,Backends][Warning][Non-fatal]:
WARNING: A problem has been raised by the backend system.
Failed loading library from /work/gambit/Backends/installed/darksusy/6.1.1/lib/libds_core_mssm.so due to: 
/work/gambit/Backends/installed/darksusy/6.1.1/lib/libds_core_mssm.so: cannot open shared object file: No such file or directory
All functions in this backend library will be disabled (i.e. given status = -1).
Raised at: line 458 in function void Gambit::Backends::backend_info::loadLibrary_C_CXX_Fortran(const str&, const str&, const str&, bool) of /work/gambit/Backends/src/backend_info.cpp.
--<>--<>--<>--<>--<>--<>--<>--
(Mon Mar 24 16:33:53 2025)(-6.09961 [s])[Default,Backends][Warning][Non-fatal]:
WARNING: A problem has been raised by the backend system.
Failed loading Python backend LibThird 1.0.
GAMBIT was configured with Python 3 but this backend needs Python 2.

Raised at: line 585 in function void Gambit::Backends::backend_info::loadLibrary_Python(const str&, const str&, const str&, const str&) of /work/gambit/Backends/src/backend_info.cpp.
--<>--<>--<>--<>--<>--<>--<>--
(Mon Mar 24 16:33:53 2025)(-6.09228 [s])[Default,Backends][Warning][Non-fatal]:
WARNING: A problem has been raised by the backend system.
Failed loading Python backend; source file not found at /work/gambit/Backends/installed/pbarlike/1.0/pbarlike-gambit-interface.py

Raised at: line 568 in function void Gambit::Backends::backend_info::loadLibrary_Python(const str&, const str&, const str&, const str&) of /work/gambit/Backends/src/backend_info.cpp.
--<>--<>--<>--<>--<>--<>--<>--
(Mon Mar 24 16:33:53 2025)(-6.06945 [s])[Default,Backends][Warning][Non-fatal]:
WARNING: A problem has been raised by the backend system.
Failed loading library from /work/gambit/Backends/installed/ddcalc/2.1.0/lib/libDDCalc.so due to: 
/work/gambit/Backends/installed/ddcalc/2.1.0/lib/libDDCalc.so: cannot open shared object file: No such file or directory
All functions in this backend library will be disabled (i.e. given status = -1).
Raised at: line 458 in function void Gambit::Backends::backend_info::loadLibrary_C_CXX_Fortran(const str&, const str&, const str&, bool) of /work/gambit/Backends/src/backend_info.cpp.
--<>--<>--<>--<>--<>--<>--<>--
(Mon Mar 24 16:33:53 2025)(-6.02296 [s])[Default,Backends][Warning][Non-fatal]:
WARNING: A problem has been raised by the backend system.
Failed loading library from /work/gambit/Backends/installed/feynhiggs/2.11.3/lib/libFH.so due to: 
/work/gambit/Backends/installed/feynhiggs/2.11.3/lib/libFH.so: cannot open shared object file: No such file or directory
All functions in this backend library will be disabled (i.e. given status = -1).
Raised at: line 458 in function void Gambit::Backends::backend_info::loadLibrary_C_CXX_Fortran(const str&, const str&, const str&, bool) of /work/gambit/Backends/src/backend_info.cpp.
--<>--<>--<>--<>--<>--<>--<>--
(Mon Mar 24 16:33:55 2025)(-4.13402 [s])[Default,Backends][Warning][Non-fatal]:
WARNING: A problem has been raised by the backend system.
Failed loading library from /work/gambit/Backends/installed/ddcalc/1.1.0/lib/libDDCalc.so due to: 
/work/gambit/Backends/installed/ddcalc/1.1.0/lib/libDDCalc.so: cannot open shared object file: No such file or directory
All functions in this backend library will be disabled (i.e. given status = -1).
Raised at: line 458 in function void Gambit::Backends::backend_info::loadLibrary_C_CXX_Fortran(const str&, const str&, const str&, bool) of /work/gambit/Backends/src/backend_info.cpp.
--<>--<>--<>--<>--<>--<>--<>--
(Mon Mar 24 16:33:55 2025)(-4.09786 [s])[Default,Backends][Warning][Non-fatal]:
WARNING: A problem has been raised by the backend system.
Failed loading library from /work/gambit/Backends/installed/nulike/1.0.4/lib/libnulike.so due to: 
/work/gambit/Backends/installed/nulike/1.0.4/lib/libnulike.so: cannot open shared object file: No such file or directory
All functions in this backend library will be disabled (i.e. given status = -1).
Raised at: line 458 in function void Gambit::Backends::backend_info::loadLibrary_C_CXX_Fortran(const str&, const str&, const str&, bool) of /work/gambit/Backends/src/backend_info.cpp.
--<>--<>--<>--<>--<>--<>--<>--
(Mon Mar 24 16:33:55 2025)(-4.09312 [s])[Default,Backends][Warning][Non-fatal]:
WARNING: A problem has been raised by the backend system.
Failed loading Python backend; source file not found at /work/gambit/Backends/installed/classy/3.1.0/lib/classy_3_1_0.py

Raised at: line 568 in function void Gambit::Backends::backend_info::loadLibrary_Python(const str&, const str&, const str&, const str&) of /work/gambit/Backends/src/backend_info.cpp.
--<>--<>--<>--<>--<>--<>--<>--
(Mon Mar 24 16:33:55 2025)(-4.07412 [s])[Default,Backends][Warning][Non-fatal]:
WARNING: A problem has been raised by the backend system.
Failed loading library from /work/gambit/Backends/installed/darksusy/6.2.2/lib/libds_core_generic_wimp.so due to: 
/work/gambit/Backends/installed/darksusy/6.2.2/lib/libds_core_generic_wimp.so: cannot open shared object file: No such file or directory
All functions in this backend library will be disabled (i.e. given status = -1).
Raised at: line 458 in function void Gambit::Backends::backend_info::loadLibrary_C_CXX_Fortran(const str&, const str&, const str&, bool) of /work/gambit/Backends/src/backend_info.cpp.
--<>--<>--<>--<>--<>--<>--<>--
(Mon Mar 24 16:33:55 2025)(-4.05589 [s])[Default,Backends][Warning][Non-fatal]:
WARNING: A problem has been raised by the backend system.
Failed loading library from /work/gambit/Backends/installed/ddcalc/1.2.0/lib/libDDCalc.so due to: 
/work/gambit/Backends/installed/ddcalc/1.2.0/lib/libDDCalc.so: cannot open shared object file: No such file or directory
All functions in this backend library will be disabled (i.e. given status = -1).
Raised at: line 458 in function void Gambit::Backends::backend_info::loadLibrary_C_CXX_Fortran(const str&, const str&, const str&, bool) of /work/gambit/Backends/src/backend_info.cpp.
--<>--<>--<>--<>--<>--<>--<>--
(Mon Mar 24 16:33:55 2025)(-4.01901 [s])[Default,Backends][Warning][Non-fatal]:
WARNING: A problem has been raised by the backend system.
Failed loading library from /work/gambit/Backends/installed/darksusy/6.2.2/lib/libds_core_mssm.so due to: 
/work/gambit/Backends/installed/darksusy/6.2.2/lib/libds_core_mssm.so: cannot open shared object file: No such file or directory
All functions in this backend library will be disabled (i.e. given status = -1).
Raised at: line 458 in function void Gambit::Backends::backend_info::loadLibrary_C_CXX_Fortran(const str&, const str&, const str&, bool) of /work/gambit/Backends/src/backend_info.cpp.
--<>--<>--<>--<>--<>--<>--<>--
(Mon Mar 24 16:33:55 2025)(-3.95777 [s])[Default,Backends][Warning][Non-fatal]:
WARNING: A problem has been raised by the backend system.
Failed loading library from /work/gambit/no path in config/backend_locations.yaml.default due to: 
/work/gambit/no path in config/backend_locations.yaml.default: cannot open shared object file: No such file or directory
All functions in this backend library will be disabled (i.e. given status = -1).
Raised at: line 458 in function void Gambit::Backends::backend_info::loadLibrary_C_CXX_Fortran(const str&, const str&, const str&, bool) of /work/gambit/Backends/src/backend_info.cpp.
--<>--<>--<>--<>--<>--<>--<>--
(Mon Mar 24 16:33:55 2025)(-3.95 [s])[Default,Backends][Warning][Non-fatal]:
WARNING: A problem has been raised by the backend system.
Failed loading Python backend; source file not found at /work/gambit/Backends/installed/contur/2.1.1/contur/init_by_GAMBIT.py

Raised at: line 568 in function void Gambit::Backends::backend_info::loadLibrary_Python(const str&, const str&, const str&, const str&) of /work/gambit/Backends/src/backend_info.cpp.
--<>--<>--<>--<>--<>--<>--<>--
