 Warning, the following block is ignored
 BLOCK SOFTSUSY
 Warning, the following block is ignored
 BLOCK GM2CALCCONFIG
 Problem in unit LoopMassesMSSM_2
 |mu|^2 < 0 at tree level,  reversing sign  -201158.27169363093     
 Problem in unit LoopMassesMSSM_2
 |mu|^2 < 0 at tree level,  reversing sign  -200779.10607873675     
 Problem in unit LoopMassesMSSM_2
 |mu|^2 < 0 at tree level,  reversing sign  -202051.17505909503     
 Problem in unit LoopMassesMSSM_2
 |mu|^2 < 0 at tree level,  reversing sign  -201637.90556055150     
 Problem in unit LoopMassesMSSM_2
 |mu|^2 < 0 at tree level,  reversing sign  -202055.84588614429     
 Problem in unit LoopMassesMSSM_2
 |mu|^2 < 0 at tree level,  reversing sign  -201642.39783003068     
 Problem in unit LoopMassesMSSM_2
 |mu|^2 < 0 at tree level,  reversing sign  -202055.76380468346     
 Problem in unit LoopMassesMSSM_2
 |mu|^2 < 0 at tree level,  reversing sign  -201642.31887908807     
